<?xml version="1.0" encoding="UTF-8"?>
<testsuite name="com.example.FirstDockerappweb.CalculatorTest" tests="1" skipped="0" failures="0" errors="0" timestamp="2022-11-13T17:28:16" hostname="subrata" time="0.02">
  <properties/>
  <testcase name="exceptionTesting()" classname="com.example.FirstDockerappweb.CalculatorTest" time="0.02"/>
  <system-out><![CDATA[]]></system-out>
  <system-err><![CDATA[]]></system-err>
</testsuite>
