<?xml version="1.0" encoding="UTF-8"?>
<testsuite name="com.example.FirstDockerappweb.FirstDockerAppWebApplicationTests" tests="1" skipped="0" failures="0" errors="0" timestamp="2022-10-18T10:10:12" hostname="subrata" time="0.099">
  <properties/>
  <testcase name="contextLoads()" classname="com.example.FirstDockerappweb.FirstDockerAppWebApplicationTests" time="0.099"/>
  <system-out><![CDATA[16:10:11.306 [Test worker] DEBUG org.springframework.test.context.BootstrapUtils - Instantiating CacheAwareContextLoaderDelegate from class [org.springframework.test.context.cache.DefaultCacheAwareContextLoaderDelegate]
16:10:11.311 [Test worker] DEBUG org.springframework.test.context.BootstrapUtils - Instantiating BootstrapContext using constructor [public org.springframework.test.context.support.DefaultBootstrapContext(java.lang.Class,org.springframework.test.context.CacheAwareContextLoaderDelegate)]
16:10:11.328 [Test worker] DEBUG org.springframework.test.context.BootstrapUtils - Instantiating TestContextBootstrapper for test class [com.example.FirstDockerappweb.FirstDockerAppWebApplicationTests] from class [org.springframework.boot.test.context.SpringBootTestContextBootstrapper]
16:10:11.333 [Test worker] INFO org.springframework.boot.test.context.SpringBootTestContextBootstrapper - Neither @ContextConfiguration nor @ContextHierarchy found for test class [com.example.FirstDockerappweb.FirstDockerAppWebApplicationTests], using SpringBootContextLoader
16:10:11.335 [Test worker] DEBUG org.springframework.test.context.support.AbstractContextLoader - Did not detect default resource location for test class [com.example.FirstDockerappweb.FirstDockerAppWebApplicationTests]: class path resource [com/example/FirstDockerappweb/FirstDockerAppWebApplicationTests-context.xml] does not exist
16:10:11.335 [Test worker] DEBUG org.springframework.test.context.support.AbstractContextLoader - Did not detect default resource location for test class [com.example.FirstDockerappweb.FirstDockerAppWebApplicationTests]: class path resource [com/example/FirstDockerappweb/FirstDockerAppWebApplicationTestsContext.groovy] does not exist
16:10:11.335 [Test worker] INFO org.springframework.test.context.support.AbstractContextLoader - Could not detect default resource locations for test class [com.example.FirstDockerappweb.FirstDockerAppWebApplicationTests]: no resource found for suffixes {-context.xml, Context.groovy}.
16:10:11.335 [Test worker] INFO org.springframework.test.context.support.AnnotationConfigContextLoaderUtils - Could not detect default configuration classes for test class [com.example.FirstDockerappweb.FirstDockerAppWebApplicationTests]: FirstDockerAppWebApplicationTests does not declare any static, non-private, non-final, nested classes annotated with @Configuration.
16:10:11.356 [Test worker] DEBUG org.springframework.test.context.support.ActiveProfilesUtils - Could not find an 'annotation declaring class' for annotation type [org.springframework.test.context.ActiveProfiles] and class [com.example.FirstDockerappweb.FirstDockerAppWebApplicationTests]
16:10:11.384 [Test worker] DEBUG org.springframework.context.annotation.ClassPathScanningCandidateComponentProvider - Identified candidate component class: file [/storage/Docker/track-media-flow-jobs/build/classes/java/main/com/example/FirstDockerappweb/FirstDockerAppWebApplication.class]
16:10:11.384 [Test worker] INFO org.springframework.boot.test.context.SpringBootTestContextBootstrapper - Found @SpringBootConfiguration com.example.FirstDockerappweb.FirstDockerAppWebApplication for test class com.example.FirstDockerappweb.FirstDockerAppWebApplicationTests
16:10:11.431 [Test worker] DEBUG org.springframework.boot.test.context.SpringBootTestContextBootstrapper - @TestExecutionListeners is not present for class [com.example.FirstDockerappweb.FirstDockerAppWebApplicationTests]: using defaults.
16:10:11.431 [Test worker] INFO org.springframework.boot.test.context.SpringBootTestContextBootstrapper - Loaded default TestExecutionListener class names from location [META-INF/spring.factories]: [org.springframework.boot.test.autoconfigure.restdocs.RestDocsTestExecutionListener, org.springframework.boot.test.autoconfigure.web.client.MockRestServiceServerResetTestExecutionListener, org.springframework.boot.test.autoconfigure.web.servlet.MockMvcPrintOnlyOnFailureTestExecutionListener, org.springframework.boot.test.autoconfigure.web.servlet.WebDriverTestExecutionListener, org.springframework.boot.test.autoconfigure.webservices.client.MockWebServiceServerTestExecutionListener, org.springframework.boot.test.mock.mockito.MockitoTestExecutionListener, org.springframework.boot.test.mock.mockito.ResetMocksTestExecutionListener, org.springframework.test.context.web.ServletTestExecutionListener, org.springframework.test.context.support.DirtiesContextBeforeModesTestExecutionListener, org.springframework.test.context.event.ApplicationEventsTestExecutionListener, org.springframework.test.context.support.DependencyInjectionTestExecutionListener, org.springframework.test.context.support.DirtiesContextTestExecutionListener, org.springframework.test.context.transaction.TransactionalTestExecutionListener, org.springframework.test.context.jdbc.SqlScriptsTestExecutionListener, org.springframework.test.context.event.EventPublishingTestExecutionListener]
16:10:11.437 [Test worker] DEBUG org.springframework.boot.test.context.SpringBootTestContextBootstrapper - Skipping candidate TestExecutionListener [org.springframework.test.context.transaction.TransactionalTestExecutionListener] due to a missing dependency. Specify custom listener classes or make the default listener classes and their required dependencies available. Offending class: [org/springframework/transaction/TransactionDefinition]
16:10:11.437 [Test worker] DEBUG org.springframework.boot.test.context.SpringBootTestContextBootstrapper - Skipping candidate TestExecutionListener [org.springframework.test.context.jdbc.SqlScriptsTestExecutionListener] due to a missing dependency. Specify custom listener classes or make the default listener classes and their required dependencies available. Offending class: [org/springframework/transaction/interceptor/TransactionAttribute]
16:10:11.437 [Test worker] INFO org.springframework.boot.test.context.SpringBootTestContextBootstrapper - Using TestExecutionListeners: [org.springframework.test.context.web.ServletTestExecutionListener@2796aeae, org.springframework.test.context.support.DirtiesContextBeforeModesTestExecutionListener@b4711e2, org.springframework.test.context.event.ApplicationEventsTestExecutionListener@1fa1cab1, org.springframework.boot.test.mock.mockito.MockitoTestExecutionListener@70f02c32, org.springframework.boot.test.autoconfigure.SpringBootDependencyInjectionTestExecutionListener@62010f5c, org.springframework.test.context.support.DirtiesContextTestExecutionListener@51fadaff, org.springframework.test.context.event.EventPublishingTestExecutionListener@401f7633, org.springframework.boot.test.autoconfigure.restdocs.RestDocsTestExecutionListener@31ff43be, org.springframework.boot.test.autoconfigure.web.client.MockRestServiceServerResetTestExecutionListener@5b6ec132, org.springframework.boot.test.autoconfigure.web.servlet.MockMvcPrintOnlyOnFailureTestExecutionListener@5c44c582, org.springframework.boot.test.autoconfigure.web.servlet.WebDriverTestExecutionListener@67d18ed7, org.springframework.boot.test.autoconfigure.webservices.client.MockWebServiceServerTestExecutionListener@2c78d320, org.springframework.boot.test.mock.mockito.ResetMocksTestExecutionListener@132e0cc]
16:10:11.439 [Test worker] DEBUG org.springframework.test.context.support.AbstractDirtiesContextTestExecutionListener - Before test class: context [DefaultTestContext@8576fa0 testClass = FirstDockerAppWebApplicationTests, testInstance = [null], testMethod = [null], testException = [null], mergedContextConfiguration = [WebMergedContextConfiguration@7582ff54 testClass = FirstDockerAppWebApplicationTests, locations = '{}', classes = '{class com.example.FirstDockerappweb.FirstDockerAppWebApplication}', contextInitializerClasses = '[]', activeProfiles = '{}', propertySourceLocations = '{}', propertySourceProperties = '{org.springframework.boot.test.context.SpringBootTestContextBootstrapper=true}', contextCustomizers = set[org.springframework.boot.test.autoconfigure.actuate.metrics.MetricsExportContextCustomizerFactory$DisableMetricExportContextCustomizer@4b741d6d, org.springframework.boot.test.autoconfigure.properties.PropertyMappingContextCustomizer@0, org.springframework.boot.test.autoconfigure.web.servlet.WebDriverContextCustomizerFactory$Customizer@74d1dc36, org.springframework.boot.test.context.filter.ExcludeFilterContextCustomizer@19e4653c, org.springframework.boot.test.json.DuplicateJsonObjectContextCustomizerFactory$DuplicateJsonObjectContextCustomizer@5149d738, org.springframework.boot.test.mock.mockito.MockitoContextCustomizer@0, org.springframework.boot.test.web.client.TestRestTemplateContextCustomizer@72cc7e6f, org.springframework.boot.test.context.SpringBootTestArgs@1, org.springframework.boot.test.context.SpringBootTestWebEnvironment@5a955565], resourceBasePath = 'src/main/webapp', contextLoader = 'org.springframework.boot.test.context.SpringBootContextLoader', parent = [null]], attributes = map['org.springframework.test.context.web.ServletTestExecutionListener.activateListener' -> true]], class annotated with @DirtiesContext [false] with mode [null].

  .   ____          _            __ _ _
 /\\ / ___'_ __ _ _(_)_ __  __ _ \ \ \ \
( ( )\___ | '_ | '_| | '_ \/ _` | \ \ \ \
 \\/  ___)| |_)| | | | | || (_| |  ) ) ) )
  '  |____| .__|_| |_|_| |_\__, | / / / /
 =========|_|==============|___/=/_/_/_/
 :: Spring Boot ::      (v2.6.12-SNAPSHOT)

2022-10-18 16:10:11.595  INFO 764057 --- [    Test worker] c.e.F.FirstDockerAppWebApplicationTests  : Starting FirstDockerAppWebApplicationTests using Java 1.8.0_202 on subrata with PID 764057 (started by subrata in /storage/Docker/track-media-flow-jobs)
2022-10-18 16:10:11.596  INFO 764057 --- [    Test worker] c.e.F.FirstDockerAppWebApplicationTests  : No active profile set, falling back to 1 default profile: "default"
2022-10-18 16:10:12.618  INFO 764057 --- [    Test worker] o.s.b.a.e.web.EndpointLinksResolver      : Exposing 13 endpoint(s) beneath base path '/actuator'
2022-10-18 16:10:12.655  INFO 764057 --- [    Test worker] c.e.F.FirstDockerAppWebApplicationTests  : Started FirstDockerAppWebApplicationTests in 1.199 seconds (JVM running for 1.693)
]]></system-out>
  <system-err><![CDATA[]]></system-err>
</testsuite>
